org.apache.jsp.jspfiles.index1_jsp : 
org.apache.jsp.jspfiles.index1_jsp : 
org.apache.jsp.jspfiles.index1_jsp : 
org.apache.jsp.jspfiles.displayimg_jsp : adm
org.apache.jsp.jspfiles.displayimg_jsp : adm
org.apache.jsp.jspfiles.displayimg_jsp : adm
org.apache.jsp.largefileupload.UploadFile_jsp : 
org.apache.jsp.jspfiles.recordmenu_005fnew_jsp : 
org.apache.jsp.jspfiles.index1_jsp : 
org.apache.jsp.jspfiles.patAppointmentInfo_jsp : 
org.apache.jsp.jspfiles.patAppointmentInfo_jsp : 
org.apache.jsp.jspfiles.patAppointmentInfo_jsp : 
org.apache.jsp.jspfiles.patAppointmentInfo_jsp : 
org.apache.jsp.jspfiles.patAppointmentInfo_jsp : 
org.apache.jsp.jspfiles.patAppointmentInfo_jsp : 
org.apache.jsp.jspfiles.patAppointmentInfo_jsp : 
org.apache.jsp.jspfiles.patAppointmentInfo_jsp : 
org.apache.jsp.jspfiles.patAppointmentInfo_jsp : 
org.apache.jsp.jspfiles.patAppointmentInfo_jsp : 
org.apache.jsp.jspfiles.patAppointmentInfo_jsp : 
org.apache.jsp.jspfiles.patAppointmentInfo_jsp : 
org.apache.jsp.jspfiles.patAppointmentInfo_jsp : 
org.apache.jsp.jspfiles.patAppointmentInfo_jsp : 
org.apache.jsp.jspfiles.patAppointmentInfo_jsp : 
org.apache.jsp.jspfiles.patAppointmentInfo_jsp : 
org.apache.jsp.jspfiles.patAppointmentInfo_jsp : 
org.apache.jsp.jspfiles.patAppointmentInfo_jsp : 
org.apache.jsp.jspfiles.patAppointmentInfo_jsp : 
org.apache.jsp.jspfiles.patAppointmentInfo_jsp : 
org.apache.jsp.jspfiles.patAppointmentInfo_jsp : 
org.apache.jsp.jspfiles.patAppointmentInfo_jsp : 
org.apache.jsp.jspfiles.patAppointmentInfo_jsp : 
org.apache.jsp.jspfiles.patAppointmentInfo_jsp : 
org.apache.jsp.jspfiles.patAppointmentInfo_jsp : 
org.apache.jsp.jspfiles.patAppointmentInfo_jsp : 
org.apache.jsp.jspfiles.patAppointmentInfo_jsp : 
org.apache.jsp.jspfiles.patAppointmentInfo_jsp : 
org.apache.jsp.jspfiles.patAppointmentInfo_jsp : 
org.apache.jsp.jspfiles.patAppointmentInfo_jsp : 
org.apache.jsp.jspfiles.patAppointmentInfo_jsp : 
org.apache.jsp.jspfiles.patAppointmentInfo_jsp : 
org.apache.jsp.jspfiles.patAppointmentInfo_jsp : 
org.apache.jsp.jspfiles.patAppointmentInfo_jsp : 
org.apache.jsp.jspfiles.patAppointmentInfo_jsp : 
org.apache.jsp.jspfiles.patAppointmentInfo_jsp : 
org.apache.jsp.jspfiles.patAppointmentInfo_jsp : 
org.apache.jsp.jspfiles.patAppointmentInfo_jsp : 
org.apache.jsp.jspfiles.patAppointmentInfo_jsp : 
org.apache.jsp.jspfiles.patAppointmentInfo_jsp : 
org.apache.jsp.jspfiles.patAppointmentInfo_jsp : 
org.apache.jsp.jspfiles.patAppointmentInfo_jsp : 
org.apache.jsp.jspfiles.patAppointmentInfo_jsp : 
org.apache.jsp.jspfiles.patAppointmentInfo_jsp : 
org.apache.jsp.jspfiles.patAppointmentInfo_jsp : 
org.apache.jsp.jspfiles.patAppointmentInfo_jsp : 
org.apache.jsp.jspfiles.patAppointmentInfo_jsp : 
org.apache.jsp.jspfiles.patAppointmentInfo_jsp : 
org.apache.jsp.jspfiles.patAppointmentInfo_jsp : 
org.apache.jsp.jspfiles.patAppointmentInfo_jsp : 
org.apache.jsp.jspfiles.patAppointmentInfo_jsp : 
org.apache.jsp.jspfiles.patAppointmentInfo_jsp : 
org.apache.jsp.jspfiles.patAppointmentInfo_jsp : 
org.apache.jsp.jspfiles.patAppointmentInfo_jsp : 
org.apache.jsp.jspfiles.patAppointmentInfo_jsp : 
org.apache.jsp.jspfiles.patAppointmentInfo_jsp : 
org.apache.jsp.jspfiles.patAppointmentInfo_jsp : 
org.apache.jsp.jspfiles.patAppointmentInfo_jsp : 
org.apache.jsp.jspfiles.patAppointmentInfo_jsp : 
org.apache.jsp.jspfiles.patAppointmentInfo_jsp : 
org.apache.jsp.jspfiles.patAppointmentInfo_jsp : 
org.apache.jsp.jspfiles.patAppointmentInfo_jsp : 
org.apache.jsp.jspfiles.patAppointmentInfo_jsp : 
org.apache.jsp.jspfiles.patAppointmentInfo_jsp : 
org.apache.jsp.jspfiles.patAppointmentInfo_jsp : 
org.apache.jsp.jspfiles.patAppointmentInfo_jsp : 
org.apache.jsp.jspfiles.patAppointmentInfo_jsp : 
org.apache.jsp.jspfiles.patAppointmentInfo_jsp : 
org.apache.jsp.jspfiles.patAppointmentInfo_jsp : 
org.apache.jsp.jspfiles.patAppointmentInfo_jsp : 
org.apache.jsp.jspfiles.patAppointmentInfo_jsp : 
org.apache.jsp.jspfiles.patAppointmentInfo_jsp : 
org.apache.jsp.jspfiles.patAppointmentInfo_jsp : 
org.apache.jsp.jspfiles.patAppointmentInfo_jsp : 
org.apache.jsp.jspfiles.patAppointmentInfo_jsp : 
org.apache.jsp.jspfiles.patAppointmentInfo_jsp : 
org.apache.jsp.jspfiles.patAppointmentInfo_jsp : 
org.apache.jsp.jspfiles.patAppointmentInfo_jsp : 
org.apache.jsp.jspfiles.patAppointmentInfo_jsp : 
org.apache.jsp.jspfiles.patAppointmentInfo_jsp : 
org.apache.jsp.jspfiles.patAppointmentInfo_jsp : 
org.apache.jsp.jspfiles.patAppointmentInfo_jsp : 
org.apache.jsp.jspfiles.patAppointmentInfo_jsp : 
org.apache.jsp.jspfiles.patAppointmentInfo_jsp : 
org.apache.jsp.jspfiles.patAppointmentInfo_jsp : 
org.apache.jsp.jspfiles.patAppointmentInfo_jsp : 
org.apache.jsp.jspfiles.patAppointmentInfo_jsp : 
org.apache.jsp.jspfiles.patAppointmentInfo_jsp : 
org.apache.jsp.jspfiles.patAppointmentInfo_jsp : 
org.apache.jsp.jspfiles.patAppointmentInfo_jsp : 
org.apache.jsp.jspfiles.patAppointmentInfo_jsp : 
org.apache.jsp.jspfiles.patAppointmentInfo_jsp : 
org.apache.jsp.jspfiles.patAppointmentInfo_jsp : 
org.apache.jsp.jspfiles.patAppointmentInfo_jsp : 
org.apache.jsp.jspfiles.patAppointmentInfo_jsp : 
org.apache.jsp.jspfiles.patAppointmentInfo_jsp : 
org.apache.jsp.jspfiles.patAppointmentInfo_jsp : 
org.apache.jsp.jspfiles.patAppointmentInfo_jsp : 
org.apache.jsp.jspfiles.patAppointmentInfo_jsp : 
org.apache.jsp.jspfiles.patAppointmentInfo_jsp : 
org.apache.jsp.jspfiles.patAppointmentInfo_jsp : 
org.apache.jsp.jspfiles.patAppointmentInfo_jsp : 
org.apache.jsp.jspfiles.patAppointmentInfo_jsp : 
org.apache.jsp.jspfiles.patAppointmentInfo_jsp : 
org.apache.jsp.jspfiles.patAppointmentInfo_jsp : 
org.apache.jsp.jspfiles.patAppointmentInfo_jsp : 
org.apache.jsp.jspfiles.patAppointmentInfo_jsp : 
org.apache.jsp.jspfiles.patAppointmentInfo_jsp : 
org.apache.jsp.jspfiles.patAppointmentInfo_jsp : 
org.apache.jsp.jspfiles.patAppointmentInfo_jsp : 
